2026-01-21 13:33:39,036 - INFO - 開始爬取，已完成 0 個組合，已收集 0 篇文章
2026-01-21 13:33:48,843 - INFO - 共有 26 個期數, 3 個類別
2026-01-21 13:33:48,844 - INFO - 總計需處理 78 個組合
2026-01-21 13:33:48,844 - INFO - 期數列表: ['1141015', '1140315', '1131015', '1130315', '1121015', '1120315', '1111015', '1110315', '1101015', '1100315', '1091015', '1090325', '1081031', '1080331', '1071115', '1070331', '1061115', '1060331', '1051115', '1050331', '1041115', '1040331', '1031115', '1030331', '1021115', '1020331']
2026-01-21 13:33:48,844 - INFO - 類別列表: ['資訊類', '商業類', '工程技術類']
2026-01-21 13:33:48,844 - INFO - 處理中 [1/78]: 1141015 - 資訊類
2026-01-21 13:33:52,528 - INFO -   找到 9 篇文章
2026-01-21 13:33:53,531 - INFO - 處理中 [2/78]: 1141015 - 商業類
2026-01-21 13:33:57,153 - INFO -   找到 10 篇文章
2026-01-21 13:33:58,157 - INFO - 處理中 [3/78]: 1141015 - 工程技術類
2026-01-21 13:34:01,785 - INFO -   找到 10 篇文章
2026-01-21 13:34:02,790 - INFO - 處理中 [4/78]: 1140315 - 資訊類
2026-01-21 13:34:06,410 - INFO -   找到 10 篇文章
2026-01-21 13:34:07,423 - INFO - 處理中 [5/78]: 1140315 - 商業類
2026-01-21 13:34:11,037 - INFO -   找到 10 篇文章
2026-01-21 13:34:11,039 - INFO - 進度已儲存: 5 個組合完成
2026-01-21 13:34:12,042 - INFO - 處理中 [6/78]: 1140315 - 工程技術類
2026-01-21 13:34:15,646 - INFO -   找到 10 篇文章
2026-01-21 13:34:16,654 - INFO - 處理中 [7/78]: 1131015 - 資訊類
2026-01-21 13:34:20,276 - INFO -   找到 10 篇文章
2026-01-21 13:34:21,281 - INFO - 處理中 [8/78]: 1131015 - 商業類
2026-01-21 13:34:24,880 - INFO -   找到 10 篇文章
2026-01-21 13:34:25,886 - INFO - 處理中 [9/78]: 1131015 - 工程技術類
2026-01-21 13:34:29,521 - INFO -   找到 3 篇文章
2026-01-21 13:34:30,529 - INFO - 處理中 [10/78]: 1130315 - 資訊類
2026-01-21 13:34:34,152 - INFO -   找到 10 篇文章
2026-01-21 13:34:34,154 - INFO - 進度已儲存: 10 個組合完成
2026-01-21 13:34:35,170 - INFO - 處理中 [11/78]: 1130315 - 商業類
2026-01-21 13:34:38,790 - INFO -   找到 10 篇文章
2026-01-21 13:34:39,803 - INFO - 處理中 [12/78]: 1130315 - 工程技術類
2026-01-21 13:34:43,428 - INFO -   找到 10 篇文章
2026-01-21 13:34:44,432 - INFO - 處理中 [13/78]: 1121015 - 資訊類
2026-01-21 13:34:48,029 - INFO -   找到 10 篇文章
2026-01-21 13:34:49,044 - INFO - 處理中 [14/78]: 1121015 - 商業類
2026-01-21 13:34:52,689 - INFO -   找到 10 篇文章
2026-01-21 13:34:53,695 - INFO - 處理中 [15/78]: 1121015 - 工程技術類
2026-01-21 13:34:57,323 - INFO -   找到 10 篇文章
2026-01-21 13:34:57,326 - INFO - 進度已儲存: 15 個組合完成
2026-01-21 13:34:58,343 - INFO - 處理中 [16/78]: 1120315 - 資訊類
2026-01-21 13:35:01,951 - INFO -   找到 9 篇文章
2026-01-21 13:35:02,962 - INFO - 處理中 [17/78]: 1120315 - 商業類
2026-01-21 13:35:06,583 - INFO -   找到 10 篇文章
2026-01-21 13:35:07,586 - INFO - 處理中 [18/78]: 1120315 - 工程技術類
2026-01-21 13:35:11,197 - INFO -   找到 10 篇文章
2026-01-21 13:35:12,204 - INFO - 處理中 [19/78]: 1111015 - 資訊類
2026-01-21 13:35:15,797 - INFO -   找到 2 篇文章
2026-01-21 13:35:16,802 - INFO - 處理中 [20/78]: 1111015 - 商業類
2026-01-21 13:35:20,396 - INFO -   找到 10 篇文章
2026-01-21 13:35:20,399 - INFO - 進度已儲存: 20 個組合完成
2026-01-21 13:35:21,416 - INFO - 處理中 [21/78]: 1111015 - 工程技術類
2026-01-21 13:35:25,014 - INFO -   找到 6 篇文章
2026-01-21 13:35:26,017 - INFO - 處理中 [22/78]: 1110315 - 資訊類
2026-01-21 13:35:29,611 - INFO -   找到 10 篇文章
2026-01-21 13:35:30,619 - INFO - 處理中 [23/78]: 1110315 - 商業類
2026-01-21 13:35:34,222 - INFO -   找到 10 篇文章
2026-01-21 13:35:35,238 - INFO - 處理中 [24/78]: 1110315 - 工程技術類
2026-01-21 13:35:38,853 - INFO -   找到 10 篇文章
2026-01-21 13:35:39,857 - INFO - 處理中 [25/78]: 1101015 - 資訊類
2026-01-21 13:35:43,483 - INFO -   找到 4 篇文章
2026-01-21 13:35:43,488 - INFO - 進度已儲存: 25 個組合完成
2026-01-21 13:35:44,505 - INFO - 處理中 [26/78]: 1101015 - 商業類
2026-01-21 13:35:48,105 - INFO -   找到 10 篇文章
2026-01-21 13:35:49,122 - INFO - 處理中 [27/78]: 1101015 - 工程技術類
2026-01-21 13:35:52,740 - INFO -   找到 9 篇文章
2026-01-21 13:35:53,746 - INFO - 處理中 [28/78]: 1100315 - 資訊類
2026-01-21 13:35:57,338 - INFO -   找到 10 篇文章
2026-01-21 13:35:58,354 - INFO - 處理中 [29/78]: 1100315 - 商業類
2026-01-21 13:36:01,995 - INFO -   找到 10 篇文章
2026-01-21 13:36:03,001 - INFO - 處理中 [30/78]: 1100315 - 工程技術類
2026-01-21 13:36:06,611 - INFO -   找到 10 篇文章
2026-01-21 13:36:06,617 - INFO - 進度已儲存: 30 個組合完成
2026-01-21 13:36:07,634 - INFO - 處理中 [31/78]: 1091015 - 資訊類
2026-01-21 13:36:11,268 - INFO -   找到 10 篇文章
2026-01-21 13:36:12,284 - INFO - 處理中 [32/78]: 1091015 - 商業類
2026-01-21 13:36:15,896 - INFO -   找到 10 篇文章
2026-01-21 13:36:16,900 - INFO - 處理中 [33/78]: 1091015 - 工程技術類
2026-01-21 13:36:20,507 - INFO -   找到 10 篇文章
2026-01-21 13:36:21,511 - INFO - 處理中 [34/78]: 1090325 - 資訊類
2026-01-21 13:36:25,137 - INFO -   找到 5 篇文章
2026-01-21 13:36:26,147 - INFO - 處理中 [35/78]: 1090325 - 商業類
2026-01-21 13:36:29,754 - INFO -   找到 10 篇文章
2026-01-21 13:36:29,761 - INFO - 進度已儲存: 35 個組合完成
2026-01-21 13:36:30,776 - INFO - 處理中 [36/78]: 1090325 - 工程技術類
2026-01-21 13:36:34,396 - INFO -   找到 10 篇文章
2026-01-21 13:36:35,399 - INFO - 處理中 [37/78]: 1081031 - 資訊類
2026-01-21 13:36:39,032 - INFO -   找到 10 篇文章
2026-01-21 13:36:40,039 - INFO - 處理中 [38/78]: 1081031 - 商業類
2026-01-21 13:36:43,656 - INFO -   找到 10 篇文章
2026-01-21 13:36:44,670 - INFO - 處理中 [39/78]: 1081031 - 工程技術類
2026-01-21 13:36:48,282 - INFO -   找到 10 篇文章
2026-01-21 13:36:49,290 - INFO - 處理中 [40/78]: 1080331 - 資訊類
2026-01-21 13:36:52,920 - INFO -   找到 10 篇文章
2026-01-21 13:36:52,928 - INFO - 進度已儲存: 40 個組合完成
2026-01-21 13:36:53,936 - INFO - 處理中 [41/78]: 1080331 - 商業類
2026-01-21 13:36:57,535 - INFO -   找到 10 篇文章
2026-01-21 13:36:58,541 - INFO - 處理中 [42/78]: 1080331 - 工程技術類
2026-01-21 13:37:02,140 - INFO -   找到 10 篇文章
2026-01-21 13:37:03,157 - INFO - 處理中 [43/78]: 1071115 - 資訊類
2026-01-21 13:37:06,789 - INFO -   找到 10 篇文章
2026-01-21 13:37:07,792 - INFO - 處理中 [44/78]: 1071115 - 商業類
2026-01-21 13:37:11,402 - INFO -   找到 10 篇文章
2026-01-21 13:37:12,408 - INFO - 處理中 [45/78]: 1071115 - 工程技術類
2026-01-21 13:37:16,035 - INFO -   找到 10 篇文章
2026-01-21 13:37:16,043 - INFO - 進度已儲存: 45 個組合完成
2026-01-21 13:37:17,054 - INFO - 處理中 [46/78]: 1070331 - 資訊類
2026-01-21 13:37:20,677 - INFO -   找到 10 篇文章
2026-01-21 13:37:21,682 - INFO - 處理中 [47/78]: 1070331 - 商業類
2026-01-21 13:37:25,294 - INFO -   找到 10 篇文章
2026-01-21 13:37:26,298 - INFO - 處理中 [48/78]: 1070331 - 工程技術類
2026-01-21 13:37:29,895 - INFO -   找到 10 篇文章
2026-01-21 13:37:30,902 - INFO - 處理中 [49/78]: 1061115 - 資訊類
2026-01-21 13:37:34,500 - INFO -   找到 10 篇文章
2026-01-21 13:37:35,507 - INFO - 處理中 [50/78]: 1061115 - 商業類
2026-01-21 13:37:39,119 - INFO -   找到 10 篇文章
2026-01-21 13:37:39,129 - INFO - 進度已儲存: 50 個組合完成
2026-01-21 13:37:40,137 - INFO - 處理中 [51/78]: 1061115 - 工程技術類
2026-01-21 13:37:43,749 - INFO -   找到 10 篇文章
2026-01-21 13:37:44,755 - INFO - 處理中 [52/78]: 1060331 - 資訊類
2026-01-21 13:37:48,374 - INFO -   找到 10 篇文章
2026-01-21 13:37:49,390 - INFO - 處理中 [53/78]: 1060331 - 商業類
2026-01-21 13:37:53,006 - INFO -   找到 10 篇文章
2026-01-21 13:37:54,009 - INFO - 處理中 [54/78]: 1060331 - 工程技術類
2026-01-21 13:37:57,628 - INFO -   找到 10 篇文章
2026-01-21 13:37:58,631 - INFO - 處理中 [55/78]: 1051115 - 資訊類
2026-01-21 13:38:02,270 - INFO -   找到 10 篇文章
2026-01-21 13:38:02,281 - INFO - 進度已儲存: 55 個組合完成
2026-01-21 13:38:03,287 - INFO - 處理中 [56/78]: 1051115 - 商業類
2026-01-21 13:38:06,913 - INFO -   找到 10 篇文章
2026-01-21 13:38:07,920 - INFO - 處理中 [57/78]: 1051115 - 工程技術類
2026-01-21 13:38:11,527 - INFO -   找到 10 篇文章
2026-01-21 13:38:12,544 - INFO - 處理中 [58/78]: 1050331 - 資訊類
2026-01-21 13:38:16,150 - INFO -   找到 10 篇文章
2026-01-21 13:38:17,157 - INFO - 處理中 [59/78]: 1050331 - 商業類
2026-01-21 13:38:20,759 - INFO -   找到 10 篇文章
2026-01-21 13:38:21,765 - INFO - 處理中 [60/78]: 1050331 - 工程技術類
2026-01-21 13:38:25,358 - INFO -   找到 10 篇文章
2026-01-21 13:38:25,370 - INFO - 進度已儲存: 60 個組合完成
2026-01-21 13:38:26,381 - INFO - 處理中 [61/78]: 1041115 - 資訊類
2026-01-21 13:38:29,991 - INFO -   找到 10 篇文章
2026-01-21 13:38:30,996 - INFO - 處理中 [62/78]: 1041115 - 商業類
2026-01-21 13:38:34,592 - INFO -   找到 10 篇文章
2026-01-21 13:38:35,598 - INFO - 處理中 [63/78]: 1041115 - 工程技術類
2026-01-21 13:38:39,236 - INFO -   找到 10 篇文章
2026-01-21 13:38:40,253 - INFO - 處理中 [64/78]: 1040331 - 資訊類
2026-01-21 13:38:43,894 - INFO -   找到 10 篇文章
2026-01-21 13:38:44,908 - INFO - 處理中 [65/78]: 1040331 - 商業類
2026-01-21 13:38:48,510 - INFO -   找到 10 篇文章
2026-01-21 13:38:48,522 - INFO - 進度已儲存: 65 個組合完成
2026-01-21 13:38:49,533 - INFO - 處理中 [66/78]: 1040331 - 工程技術類
2026-01-21 13:38:53,156 - INFO -   找到 10 篇文章
2026-01-21 13:38:54,164 - INFO - 處理中 [67/78]: 1031115 - 資訊類
2026-01-21 13:38:57,757 - INFO -   找到 10 篇文章
2026-01-21 13:38:58,760 - INFO - 處理中 [68/78]: 1031115 - 商業類
2026-01-21 13:39:02,362 - INFO -   找到 10 篇文章
2026-01-21 13:39:03,365 - INFO - 處理中 [69/78]: 1031115 - 工程技術類
2026-01-21 13:39:06,985 - INFO -   找到 10 篇文章
2026-01-21 13:39:07,989 - INFO - 處理中 [70/78]: 1030331 - 資訊類
2026-01-21 13:39:11,593 - INFO -   找到 10 篇文章
2026-01-21 13:39:11,607 - INFO - 進度已儲存: 70 個組合完成
2026-01-21 13:39:12,613 - INFO - 處理中 [71/78]: 1030331 - 商業類
2026-01-21 13:39:16,237 - INFO -   找到 10 篇文章
2026-01-21 13:39:17,240 - INFO - 處理中 [72/78]: 1030331 - 工程技術類
2026-01-21 13:39:20,844 - INFO -   找到 10 篇文章
2026-01-21 13:39:21,858 - INFO - 處理中 [73/78]: 1021115 - 資訊類
2026-01-21 13:39:25,502 - INFO -   找到 10 篇文章
2026-01-21 13:39:26,508 - INFO - 處理中 [74/78]: 1021115 - 商業類
2026-01-21 13:39:30,115 - INFO -   找到 10 篇文章
2026-01-21 13:39:31,118 - INFO - 處理中 [75/78]: 1021115 - 工程技術類
2026-01-21 13:39:34,750 - INFO -   找到 10 篇文章
2026-01-21 13:39:34,763 - INFO - 進度已儲存: 75 個組合完成
2026-01-21 13:39:35,766 - INFO - 處理中 [76/78]: 1020331 - 資訊類
2026-01-21 13:39:39,390 - INFO -   找到 10 篇文章
2026-01-21 13:39:40,396 - INFO - 處理中 [77/78]: 1020331 - 商業類
2026-01-21 13:39:43,989 - INFO -   找到 10 篇文章
2026-01-21 13:39:44,991 - INFO - 處理中 [78/78]: 1020331 - 工程技術類
2026-01-21 13:39:48,605 - INFO -   找到 10 篇文章
2026-01-21 13:39:49,779 - INFO - 進度已儲存: 78 個組合完成
2026-01-21 13:39:50,575 - INFO - 資料已儲存至 shs_essays_complete.xlsx
2026-01-21 13:39:50,575 - INFO - 總計 747 篇文章
2026-01-21 13:39:50,592 - INFO - JSON 資料已儲存至 essays_data.json
2026-01-21 13:39:50,592 - INFO - 進度檔案已清除
